CRITICAL - 2022-04-08 12:51:25 --> The framework needs the following extension(s) installed and loaded: intl.
#0 C:\Users\ASUS\Downloads\Compressed\codeigniter4-CodeIgniter4-202f41a\system\CodeIgniter.php(219): CodeIgniter\Exceptions\FrameworkException::forMissingExtension('intl')
#1 C:\Users\ASUS\Downloads\Compressed\codeigniter4-CodeIgniter4-202f41a\system\CodeIgniter.php(177): CodeIgniter\CodeIgniter->resolvePlatformExtensions()
#2 C:\Users\ASUS\Downloads\Compressed\codeigniter4-CodeIgniter4-202f41a\system\bootstrap.php(146): CodeIgniter\CodeIgniter->initialize()
#3 C:\Users\ASUS\Downloads\Compressed\codeigniter4-CodeIgniter4-202f41a\spark(45): require('C:\\Users\\ASUS\\D...')
#4 {main}
CRITICAL - 2022-04-08 12:52:49 --> The framework needs the following extension(s) installed and loaded: intl.
#0 C:\Users\ASUS\Downloads\Compressed\codeigniter4-CodeIgniter4-202f41a\system\CodeIgniter.php(219): CodeIgniter\Exceptions\FrameworkException::forMissingExtension('intl')
#1 C:\Users\ASUS\Downloads\Compressed\codeigniter4-CodeIgniter4-202f41a\system\CodeIgniter.php(177): CodeIgniter\CodeIgniter->resolvePlatformExtensions()
#2 C:\Users\ASUS\Downloads\Compressed\codeigniter4-CodeIgniter4-202f41a\system\bootstrap.php(146): CodeIgniter\CodeIgniter->initialize()
#3 C:\Users\ASUS\Downloads\Compressed\codeigniter4-CodeIgniter4-202f41a\spark(45): require('C:\\Users\\ASUS\\D...')
#4 {main}
CRITICAL - 2022-04-08 12:54:51 --> The framework needs the following extension(s) installed and loaded: intl.
#0 C:\Users\ASUS\Downloads\Compressed\codeigniter4-CodeIgniter4-202f41a\system\CodeIgniter.php(219): CodeIgniter\Exceptions\FrameworkException::forMissingExtension('intl')
#1 C:\Users\ASUS\Downloads\Compressed\codeigniter4-CodeIgniter4-202f41a\system\CodeIgniter.php(177): CodeIgniter\CodeIgniter->resolvePlatformExtensions()
#2 C:\Users\ASUS\Downloads\Compressed\codeigniter4-CodeIgniter4-202f41a\system\bootstrap.php(146): CodeIgniter\CodeIgniter->initialize()
#3 C:\Users\ASUS\Downloads\Compressed\codeigniter4-CodeIgniter4-202f41a\spark(45): require('C:\\Users\\ASUS\\D...')
#4 {main}
CRITICAL - 2022-04-08 12:56:45 --> The framework needs the following extension(s) installed and loaded: intl.
#0 C:\Users\ASUS\Downloads\Compressed\codeigniter4-CodeIgniter4-202f41a\system\CodeIgniter.php(219): CodeIgniter\Exceptions\FrameworkException::forMissingExtension('intl')
#1 C:\Users\ASUS\Downloads\Compressed\codeigniter4-CodeIgniter4-202f41a\system\CodeIgniter.php(177): CodeIgniter\CodeIgniter->resolvePlatformExtensions()
#2 C:\Users\ASUS\Downloads\Compressed\codeigniter4-CodeIgniter4-202f41a\system\bootstrap.php(146): CodeIgniter\CodeIgniter->initialize()
#3 C:\Users\ASUS\Downloads\Compressed\codeigniter4-CodeIgniter4-202f41a\spark(45): require('C:\\Users\\ASUS\\D...')
#4 {main}
CRITICAL - 2022-04-08 07:03:27 --> Invalid file: Saya mahendra, Nim 41930028 hobi mencari uang.php
#0 C:\Users\ASUS\Downloads\Compressed\codeigniter4-CodeIgniter4-202f41a\system\View\View.php(198): CodeIgniter\Exceptions\FrameworkException::forInvalidFile('Saya mahendra, ...')
#1 C:\Users\ASUS\Downloads\Compressed\codeigniter4-CodeIgniter4-202f41a\system\Common.php(1089): CodeIgniter\View\View->render('Saya mahendra, ...', Array, true)
#2 C:\Users\ASUS\Downloads\Compressed\codeigniter4-CodeIgniter4-202f41a\app\Controllers\Koyo.php(13): view('Saya mahendra, ...')
#3 C:\Users\ASUS\Downloads\Compressed\codeigniter4-CodeIgniter4-202f41a\system\CodeIgniter.php(832): App\Controllers\Koyo->halaman('mahendra', '41930028', 'uang')
#4 C:\Users\ASUS\Downloads\Compressed\codeigniter4-CodeIgniter4-202f41a\system\CodeIgniter.php(419): CodeIgniter\CodeIgniter->runController(Object(App\Controllers\Koyo))
#5 C:\Users\ASUS\Downloads\Compressed\codeigniter4-CodeIgniter4-202f41a\system\CodeIgniter.php(326): CodeIgniter\CodeIgniter->handleRequest(NULL, Object(Config\Cache), false)
#6 C:\Users\ASUS\Downloads\Compressed\codeigniter4-CodeIgniter4-202f41a\public\index.php(37): CodeIgniter\CodeIgniter->run()
#7 C:\Users\ASUS\Downloads\Compressed\codeigniter4-CodeIgniter4-202f41a\system\Commands\Server\rewrite.php(43): require_once('C:\\Users\\ASUS\\D...')
#8 {main}
CRITICAL - 2022-04-08 07:03:56 --> Invalid file: Saya mahendra, Nim 41930028.php
#0 C:\Users\ASUS\Downloads\Compressed\codeigniter4-CodeIgniter4-202f41a\system\View\View.php(198): CodeIgniter\Exceptions\FrameworkException::forInvalidFile('Saya mahendra, ...')
#1 C:\Users\ASUS\Downloads\Compressed\codeigniter4-CodeIgniter4-202f41a\system\Common.php(1089): CodeIgniter\View\View->render('Saya mahendra, ...', Array, true)
#2 C:\Users\ASUS\Downloads\Compressed\codeigniter4-CodeIgniter4-202f41a\app\Controllers\Koyo.php(13): view('Saya mahendra, ...')
#3 C:\Users\ASUS\Downloads\Compressed\codeigniter4-CodeIgniter4-202f41a\system\CodeIgniter.php(832): App\Controllers\Koyo->halaman('mahendra', '41930028', 'uang')
#4 C:\Users\ASUS\Downloads\Compressed\codeigniter4-CodeIgniter4-202f41a\system\CodeIgniter.php(419): CodeIgniter\CodeIgniter->runController(Object(App\Controllers\Koyo))
#5 C:\Users\ASUS\Downloads\Compressed\codeigniter4-CodeIgniter4-202f41a\system\CodeIgniter.php(326): CodeIgniter\CodeIgniter->handleRequest(NULL, Object(Config\Cache), false)
#6 C:\Users\ASUS\Downloads\Compressed\codeigniter4-CodeIgniter4-202f41a\public\index.php(37): CodeIgniter\CodeIgniter->run()
#7 C:\Users\ASUS\Downloads\Compressed\codeigniter4-CodeIgniter4-202f41a\system\Commands\Server\rewrite.php(43): require_once('C:\\Users\\ASUS\\D...')
#8 {main}
CRITICAL - 2022-04-08 07:04:01 --> Invalid file: Saya mahendra, Nim 41930028.php
#0 C:\Users\ASUS\Downloads\Compressed\codeigniter4-CodeIgniter4-202f41a\system\View\View.php(198): CodeIgniter\Exceptions\FrameworkException::forInvalidFile('Saya mahendra, ...')
#1 C:\Users\ASUS\Downloads\Compressed\codeigniter4-CodeIgniter4-202f41a\system\Common.php(1089): CodeIgniter\View\View->render('Saya mahendra, ...', Array, true)
#2 C:\Users\ASUS\Downloads\Compressed\codeigniter4-CodeIgniter4-202f41a\app\Controllers\Koyo.php(13): view('Saya mahendra, ...')
#3 C:\Users\ASUS\Downloads\Compressed\codeigniter4-CodeIgniter4-202f41a\system\CodeIgniter.php(832): App\Controllers\Koyo->halaman('mahendra', '41930028')
#4 C:\Users\ASUS\Downloads\Compressed\codeigniter4-CodeIgniter4-202f41a\system\CodeIgniter.php(419): CodeIgniter\CodeIgniter->runController(Object(App\Controllers\Koyo))
#5 C:\Users\ASUS\Downloads\Compressed\codeigniter4-CodeIgniter4-202f41a\system\CodeIgniter.php(326): CodeIgniter\CodeIgniter->handleRequest(NULL, Object(Config\Cache), false)
#6 C:\Users\ASUS\Downloads\Compressed\codeigniter4-CodeIgniter4-202f41a\public\index.php(37): CodeIgniter\CodeIgniter->run()
#7 C:\Users\ASUS\Downloads\Compressed\codeigniter4-CodeIgniter4-202f41a\system\Commands\Server\rewrite.php(43): require_once('C:\\Users\\ASUS\\D...')
#8 {main}
